<?xml version="1.0" encoding="UTF-8"?>
<!-- Generated by org.testng.reporters.JUnitXMLReporter -->
<testsuite ignored="3" hostname="DESKTOP-RDUAMKL" failures="0" tests="1" name="Chrometest" time="18.769" errors="0" timestamp="2026-02-19T08:00:39 IST">
  <testcase classname="testscript.LoginTest" name="verifyUserloginwithValidCredential" time="5.552"/>
  <testcase classname="testscript.LoginTest" name="verifyUserloginwithValidUsernameAndInvalidPassword" time="0.0">
    <ignored/>
  </testcase> <!-- verifyUserloginwithValidUsernameAndInvalidPassword -->
  <testcase classname="testscript.LoginTest" name="verifyUserloginwithInvalidCredential" time="0.0">
    <ignored/>
  </testcase> <!-- verifyUserloginwithInvalidCredential -->
  <testcase classname="testscript.LoginTest" name="verifyUserloginwithInvalidUsernameAndValidPassword" time="0.0">
    <ignored/>
  </testcase> <!-- verifyUserloginwithInvalidUsernameAndValidPassword -->
</testsuite> <!-- Chrometest -->
