<?xml version="1.0" encoding="UTF-8"?>
<!-- Generated by org.testng.reporters.JUnitXMLReporter -->
<testsuite ignored="2" hostname="DESKTOP-RDUAMKL" failures="0" tests="2" name="Test" time="39.523" errors="0" timestamp="2026-02-18T07:57:57 IST">
  <testcase classname="testscript.LoginTest" name="verifyUserloginwithValidCredential" time="2.97"/>
  <testcase classname="testscript.LoginTest" name="verifyUserloginwithInvalidUsernameAndValidPassword" time="1.881"/>
  <testcase classname="testscript.LoginTest" name="verifyUserloginwithValidUsernameAndInvalidPassword" time="0.0">
    <ignored/>
  </testcase> <!-- verifyUserloginwithValidUsernameAndInvalidPassword -->
  <testcase classname="testscript.LoginTest" name="verifyUserloginwithInvalidCredential" time="0.0">
    <ignored/>
  </testcase> <!-- verifyUserloginwithInvalidCredential -->
</testsuite> <!-- Test -->
