<?xml version="1.0" encoding="UTF-8"?>
<!-- Generated by org.testng.reporters.JUnitReportReporter -->
<testsuite hostname="DESKTOP-RDUAMKL" failures="0" tests="2" name="testscript.LoginTest" time="46.453" errors="0" timestamp="2026-02-20T22:02:42 IST" skipped="0">
  <testcase classname="testscript.LoginTest" name="verifyUserloginwithInvalidUsernameAndValidPassword" time="23.625"/>
  <testcase classname="testscript.LoginTest" name="verifyUserloginwithInvalidUsernameAndValidPassword" time="22.828"/>
</testsuite> <!-- testscript.LoginTest -->
