<?xml version="1.0" encoding="UTF-8"?>
<testng-results ignored="0" total="1" passed="1" failed="0" skipped="0">
  <reporter-output>
  </reporter-output>
  <suite started-at="2026-02-23T07:14:27 IST" name="Suite" finished-at="2026-02-23T07:15:24 IST" duration-ms="56815">
    <groups>
    </groups>
    <test started-at="2026-02-23T07:14:27 IST" name="Test" finished-at="2026-02-23T07:15:24 IST" duration-ms="56815">
      <class name="testscript.AdminuserTest">
        <test-method is-config="true" signature="initializeBrowser(java.lang.String)[pri:0, instance:testscript.AdminuserTest@2f67a4d3]" started-at="2026-02-23T07:14:27 IST" name="initializeBrowser" finished-at="2026-02-23T07:15:09 IST" duration-ms="42307" status="PASS">
          <params>
            <param index="0">
              <value>
                <![CDATA[Firefox]]>
              </value>
            </param>
          </params>
          <reporter-output>
          </reporter-output>
        </test-method> <!-- initializeBrowser -->
        <test-method signature="verifyWhetherUserisAbletoReset()[pri:0, instance:testscript.AdminuserTest@2f67a4d3]" started-at="2026-02-23T07:15:09 IST" name="verifyWhetherUserisAbletoReset" finished-at="2026-02-23T07:15:24 IST" duration-ms="14315" status="PASS">
          <reporter-output>
          </reporter-output>
        </test-method> <!-- verifyWhetherUserisAbletoReset -->
        <test-method is-config="true" signature="closeBrowser(org.testng.ITestResult)[pri:0, instance:testscript.AdminuserTest@2f67a4d3]" started-at="2026-02-23T07:15:24 IST" name="closeBrowser" finished-at="2026-02-23T07:15:24 IST" duration-ms="7" status="PASS">
          <params>
            <param index="0">
              <value>
                <![CDATA[[TestResult name=verifyWhetherUserisAbletoReset status=SUCCESS method=AdminuserTest.verifyWhetherUserisAbletoReset()[pri:0, instance:testscript.AdminuserTest@2f67a4d3] output={null}]]]>
              </value>
            </param>
          </params>
          <reporter-output>
          </reporter-output>
        </test-method> <!-- closeBrowser -->
      </class> <!-- testscript.AdminuserTest -->
    </test> <!-- Test -->
  </suite> <!-- Suite -->
</testng-results>
