<?xml version="1.0" encoding="UTF-8"?>
<!-- Generated by org.testng.reporters.JUnitXMLReporter -->
<testsuite ignored="1" hostname="DESKTOP-RDUAMKL" failures="0" tests="1" name="Default test" time="23.953" errors="0" timestamp="2026-02-17T19:27:44 IST">
  <testcase classname="testscript.AdminuserTest" name="verifywhetherUserisAbletoAddNewuser" time="12.722"/>
  <testcase classname="testscript.AdminuserTest" name="verifyWhetherUserisAbletoSuccessfullySearchNewlyAddedUser" time="0.0">
    <ignored/>
  </testcase> <!-- verifyWhetherUserisAbletoSuccessfullySearchNewlyAddedUser -->
</testsuite> <!-- Default test -->
