<?xml version="1.0" encoding="UTF-8"?>
<!-- Generated by org.testng.reporters.JUnitXMLReporter -->
<testsuite ignored="3" hostname="DESKTOP-RDUAMKL" failures="0" tests="1" name="Edgetest" time="5.799" errors="0" timestamp="2026-02-19T07:50:57 IST">
  <testcase classname="testscript.LoginTest" name="verifyUserloginwithValidCredential" time="0.001">
    <skipped/>
  </testcase> <!-- verifyUserloginwithValidCredential -->
  <testcase classname="testscript.LoginTest" name="verifyUserloginwithInvalidCredential" time="0.0">
    <ignored/>
  </testcase> <!-- verifyUserloginwithInvalidCredential -->
  <testcase classname="testscript.LoginTest" name="verifyUserloginwithValidUsernameAndInvalidPassword" time="0.0">
    <ignored/>
  </testcase> <!-- verifyUserloginwithValidUsernameAndInvalidPassword -->
  <testcase classname="testscript.LoginTest" name="verifyUserloginwithInvalidUsernameAndValidPassword" time="0.0">
    <ignored/>
  </testcase> <!-- verifyUserloginwithInvalidUsernameAndValidPassword -->
</testsuite> <!-- Edgetest -->
