<?xml version="1.0" encoding="UTF-8"?>
<!-- Generated by org.testng.reporters.JUnitXMLReporter -->
<testsuite ignored="3" hostname="DESKTOP-RDUAMKL" failures="0" tests="1" name="Firefoxtest" time="20.481" errors="0" timestamp="2026-02-19T07:45:45 IST">
  <testcase classname="testscript.LoginTest" name="verifyUserloginwithValidCredential" time="2.949"/>
  <testcase classname="testscript.LoginTest" name="verifyUserloginwithValidUsernameAndInvalidPassword" time="0.0">
    <ignored/>
  </testcase> <!-- verifyUserloginwithValidUsernameAndInvalidPassword -->
  <testcase classname="testscript.LoginTest" name="verifyUserloginwithInvalidCredential" time="0.0">
    <ignored/>
  </testcase> <!-- verifyUserloginwithInvalidCredential -->
  <testcase classname="testscript.LoginTest" name="verifyUserloginwithInvalidUsernameAndValidPassword" time="0.0">
    <ignored/>
  </testcase> <!-- verifyUserloginwithInvalidUsernameAndValidPassword -->
</testsuite> <!-- Firefoxtest -->
