<?xml version="1.0" encoding="UTF-8"?>
<testng-results ignored="0" total="1" passed="1" failed="0" skipped="0">
  <reporter-output>
  </reporter-output>
  <suite started-at="2026-02-27T07:30:24 IST" name="Suite" finished-at="2026-02-27T07:30:52 IST" duration-ms="27610">
    <groups>
    </groups>
    <test started-at="2026-02-27T07:30:24 IST" name="Test" finished-at="2026-02-27T07:30:52 IST" duration-ms="27610">
      <class name="testscript.AdminuserTest">
        <test-method is-config="true" signature="initializeBrowser(java.lang.String)[pri:0, instance:testscript.AdminuserTest@792b749c]" started-at="2026-02-27T07:30:24 IST" name="initializeBrowser" finished-at="2026-02-27T07:30:46 IST" duration-ms="21748" status="PASS">
          <params>
            <param index="0">
              <value>
                <![CDATA[Firefox]]>
              </value>
            </param>
          </params>
          <reporter-output>
          </reporter-output>
        </test-method> <!-- initializeBrowser -->
        <test-method signature="verifyWhetherUserisAbletoReset()[pri:0, instance:testscript.AdminuserTest@792b749c]" started-at="2026-02-27T07:30:46 IST" name="verifyWhetherUserisAbletoReset" description="user is able to click reset button successfully" finished-at="2026-02-27T07:30:52 IST" duration-ms="5729" status="PASS">
          <reporter-output>
          </reporter-output>
        </test-method> <!-- verifyWhetherUserisAbletoReset -->
        <test-method is-config="true" signature="closeBrowser(org.testng.ITestResult)[pri:0, instance:testscript.AdminuserTest@792b749c]" started-at="2026-02-27T07:30:52 IST" name="closeBrowser" finished-at="2026-02-27T07:30:52 IST" duration-ms="4" status="PASS">
          <params>
            <param index="0">
              <value>
                <![CDATA[[TestResult name=verifyWhetherUserisAbletoReset status=SUCCESS method=AdminuserTest.verifyWhetherUserisAbletoReset()[pri:0, instance:testscript.AdminuserTest@792b749c] output={null}]]]>
              </value>
            </param>
          </params>
          <reporter-output>
          </reporter-output>
        </test-method> <!-- closeBrowser -->
      </class> <!-- testscript.AdminuserTest -->
    </test> <!-- Test -->
  </suite> <!-- Suite -->
</testng-results>
