<?xml version="1.0" encoding="UTF-8"?>
<!-- Generated by org.testng.reporters.JUnitXMLReporter -->
<testsuite ignored="2" hostname="DESKTOP-RDUAMKL" failures="0" tests="1" name="Test" time="27.61" errors="0" timestamp="2026-02-27T07:30:53 IST">
  <testcase classname="testscript.AdminuserTest" name="verifyWhetherUserisAbletoReset" time="5.729"/>
  <testcase classname="testscript.AdminuserTest" name="verifyWhetherUserisAbletoSuccessfullySearchNewlyAddedUser" time="0.0">
    <ignored/>
  </testcase> <!-- verifyWhetherUserisAbletoSuccessfullySearchNewlyAddedUser -->
  <testcase classname="testscript.AdminuserTest" name="verifywhetherUserisAbletoAddNewuser" time="0.0">
    <ignored/>
  </testcase> <!-- verifywhetherUserisAbletoAddNewuser -->
</testsuite> <!-- Test -->
